2020-06-15T00:54:36+00:00 CRITICAL Out of memory (allocated 2097152) (tried to allocate 20480 bytes) in /var/www/html/wp-includes/class-wp-hook.php on line 77

2020-06-15T00:55:36+00:00 CRITICAL Out of memory (allocated 20971520) (tried to allocate 1966080 bytes) in /var/www/html/wp-includes/class.wp-scripts.php on line 234

2020-06-15T01:06:25+00:00 CRITICAL Out of memory (allocated 25165824) (tried to allocate 2195456 bytes) in /var/www/html/wp-includes/class.wp-scripts.php on line 234

2020-06-15T01:08:09+00:00 CRITICAL Out of memory (allocated 2097152) (tried to allocate 20480 bytes) in /var/www/html/wp-includes/plugin.php on line 1

2020-06-15T01:08:12+00:00 CRITICAL Out of memory (allocated 2097152) (tried to allocate 20480 bytes) in /var/www/html/wp-includes/rest-api/endpoints/class-wp-rest-controller.php on line 615

2020-06-15T01:08:12+00:00 CRITICAL Out of memory (allocated 2097152) (tried to allocate 20480 bytes) in /var/www/html/wp-content/plugins/woocommerce/packages/woocommerce-rest-api/src/Controllers/Version2/class-wc-rest-tax-classes-v2-controller.php on line 0

2020-06-15T01:08:14+00:00 CRITICAL Out of memory (allocated 2097152) (tried to allocate 20480 bytes) in /var/www/html/wp-includes/class-wp-hook.php on line 281

2020-06-15T01:08:24+00:00 CRITICAL Out of memory (allocated 14680064) (tried to allocate 32768 bytes) in /var/www/html/wp-includes/wp-db.php on line 1995

2020-06-15T01:08:24+00:00 CRITICAL Out of memory (allocated 14680064) (tried to allocate 32768 bytes) in /var/www/html/wp-includes/wp-db.php on line 1995

2020-06-15T01:08:24+00:00 CRITICAL Out of memory (allocated 14680064) (tried to allocate 32768 bytes) in /var/www/html/wp-includes/wp-db.php on line 1995

2020-06-15T01:09:37+00:00 CRITICAL Out of memory (allocated 10485760) (tried to allocate 159744 bytes) in /var/www/html/wp-content/themes/woodmart/inc/classes/Theme.php on line 326

2020-06-15T01:09:45+00:00 CRITICAL Out of memory (allocated 4194304) (tried to allocate 20480 bytes) in /var/www/html/wp-includes/class-wp-hook.php on line 281

2020-06-15T01:09:50+00:00 CRITICAL Out of memory (allocated 2097152) (tried to allocate 20480 bytes) in /var/www/html/wp-content/plugins/woocommerce/packages/woocommerce-rest-api/src/Controllers/Version2/class-wc-rest-taxes-v2-controller.php on line 0

2020-06-15T01:09:52+00:00 CRITICAL Out of memory (allocated 6291456) (tried to allocate 20480 bytes) in /var/www/html/wp-includes/class-wp-hook.php on line 281

2020-06-15T01:09:52+00:00 CRITICAL Out of memory (allocated 2097152) (tried to allocate 20480 bytes) in /var/www/html/wp-includes/class-wp-hook.php on line 281

2020-06-15T01:23:03+00:00 CRITICAL Out of memory (allocated 8388608) (tried to allocate 20480 bytes) in /var/www/html/wp-content/themes/woodmart/inc/options/controls/typography/google-fonts.php on line 8

2020-06-15T01:24:18+00:00 CRITICAL Out of memory (allocated 8388608) (tried to allocate 692224 bytes) in /var/www/html/wp-includes/wp-db.php on line 2030

2020-06-15T02:12:04+00:00 CRITICAL Out of memory (allocated 2097152) (tried to allocate 20480 bytes) in /var/www/html/wp-includes/rest-api/endpoints/class-wp-rest-controller.php on line 615

2020-06-15T02:12:04+00:00 CRITICAL Out of memory (allocated 2097152) (tried to allocate 20480 bytes) in /var/www/html/wp-content/plugins/woocommerce/packages/woocommerce-rest-api/src/Controllers/Version2/class-wc-rest-tax-classes-v2-controller.php on line 0

2020-06-15T02:12:04+00:00 CRITICAL Out of memory (allocated 23068672) (tried to allocate 20480 bytes) in /var/www/html/wp-includes/rest-api/endpoints/class-wp-rest-controller.php on line 615

2020-06-15T02:14:39+00:00 CRITICAL Out of memory (allocated 2097152) (tried to allocate 20480 bytes) in /var/www/html/wp-content/plugins/js_composer/include/classes/core/class-wpb-map.php on line 242

2020-06-15T02:15:36+00:00 CRITICAL Out of memory (allocated 23068672) (tried to allocate 20480 bytes) in /var/www/html/wp-includes/class-wp-hook.php on line 281

2020-06-15T02:15:36+00:00 CRITICAL Out of memory (allocated 23068672) (tried to allocate 20480 bytes) in /var/www/html/wp-includes/class-wp-hook.php on line 281

2020-06-15T02:16:15+00:00 CRITICAL Out of memory (allocated 4194304) (tried to allocate 32768 bytes) in /var/www/html/wp-includes/wp-db.php on line 1995

2020-06-15T02:16:15+00:00 CRITICAL Out of memory (allocated 4194304) (tried to allocate 32768 bytes) in /var/www/html/wp-includes/wp-db.php on line 1995

2020-06-15T02:16:32+00:00 CRITICAL Out of memory (allocated 4194304) (tried to allocate 20480 bytes) in /var/www/html/wp-includes/rest-api/endpoints/class-wp-rest-controller.php on line 615

2020-06-15T02:16:35+00:00 CRITICAL Out of memory (allocated 8388608) (tried to allocate 20480 bytes) in /var/www/html/wp-content/themes/woodmart/inc/options/controls/typography/google-fonts.php on line 8

2020-06-15T02:54:52+00:00 CRITICAL Out of memory (allocated 10485760) (tried to allocate 20480 bytes) in /var/www/html/wp-content/plugins/revslider/includes/slide.class.php on line 2088

2020-06-15T04:06:08+00:00 CRITICAL Out of memory (allocated 6291456) (tried to allocate 159744 bytes) in /var/www/html/wp-content/plugins/woocommerce/includes/class-woocommerce.php on line 530

2020-06-15T04:06:08+00:00 CRITICAL Out of memory (allocated 8388608) (tried to allocate 20480 bytes) in /var/www/html/wp-includes/class-wp-hook.php on line 75

2020-06-15T04:06:08+00:00 CRITICAL Out of memory (allocated 8388608) (tried to allocate 20480 bytes) in /var/www/html/wp-includes/class-wp-hook.php on line 77

2020-06-15T05:49:28+00:00 CRITICAL Out of memory (allocated 23068672) (tried to allocate 2134016 bytes) in /var/www/html/wp-includes/class.wp-scripts.php on line 234

2020-06-15T05:52:17+00:00 CRITICAL Out of memory (allocated 18874368) (tried to allocate 53248 bytes) in /var/www/html/wp-includes/wp-db.php on line 1995

2020-06-15T07:25:20+00:00 CRITICAL Out of memory (allocated 20971520) (tried to allocate 978944 bytes) in /var/www/html/wp-content/plugins/js_composer/include/templates/editors/partials/backend-shortcodes-templates.tpl.php on line 20

2020-06-15T17:19:55+00:00 CRITICAL Out of memory (allocated 27332608) (tried to allocate 987136 bytes) in /var/www/html/wp-includes/class.wp-scripts.php on line 301

2020-06-15T17:26:59+00:00 CRITICAL Out of memory (allocated 16777216) (tried to allocate 53248 bytes) in /var/www/html/wp-includes/wp-db.php on line 1995

2020-06-15T17:38:52+00:00 CRITICAL Out of memory (allocated 20971520) (tried to allocate 978944 bytes) in /var/www/html/wp-content/plugins/js_composer/include/templates/editors/partials/backend-shortcodes-templates.tpl.php on line 20

